<?xml version="1.0" encoding="UTF-8"?>
<!-- Generated by org.testng.reporters.JUnitReportReporter -->
<testsuite hostname="Mihails-MacBook-Pro.local" failures="0" tests="1" name="scripts.ActualWebPageTest" time="5.058" errors="0" timestamp="2023-04-02T17:22:33 CDT" skipped="0">
  <testcase classname="scripts.ActualWebPageTest" name="validateActualWebPage" time="5.058"/>
  <system-out/>
</testsuite> <!-- scripts.ActualWebPageTest -->
